{"/Users/alfreddohnani/Documents/Dev/OCTOBER/typeorm-where/src/index.ts": {"path":"/Users/alfreddohnani/Documents/Dev/OCTOBER/typeorm-where/src/index.ts","statementMap":{"0":{"start":{"line":1,"column":0},"end":{"line":1,"column":45}},"1":{"start":{"line":2,"column":0},"end":{"line":2,"column":37}}},"fnMap":{},"branchMap":{},"s":{"0":0,"1":0},"f":{},"b":{}}
,"/Users/alfreddohnani/Documents/Dev/OCTOBER/typeorm-where/src/filter-utils/where-builder.ts": {"path":"/Users/alfreddohnani/Documents/Dev/OCTOBER/typeorm-where/src/filter-utils/where-builder.ts","statementMap":{"0":{"start":{"line":1,"column":0},"end":{"line":1,"column":null}},"1":{"start":{"line":22,"column":0},"end":{"line":22,"column":39}},"2":{"start":{"line":24,"column":20},"end":{"line":41,"column":2}},"3":{"start":{"line":43,"column":24},"end":{"line":43,"column":48}},"4":{"start":{"line":45,"column":23},"end":{"line":45,"column":74}},"5":{"start":{"line":47,"column":31},"end":{"line":47,"column":84}},"6":{"start":{"line":47,"column":47},"end":{"line":47,"column":84}},"7":{"start":{"line":47,"column":13},"end":{"line":47,"column":31}},"8":{"start":{"line":48,"column":29},"end":{"line":48,"column":82}},"9":{"start":{"line":48,"column":45},"end":{"line":48,"column":82}},"10":{"start":{"line":49,"column":20},"end":{"line":49,"column":56}},"11":{"start":{"line":49,"column":36},"end":{"line":49,"column":56}},"12":{"start":{"line":50,"column":13},"end":{"line":50,"column":45}},"13":{"start":{"line":52,"column":27},"end":{"line":52,"column":78}},"14":{"start":{"line":52,"column":52},"end":{"line":52,"column":78}},"15":{"start":{"line":53,"column":26},"end":{"line":53,"column":76}},"16":{"start":{"line":53,"column":51},"end":{"line":53,"column":76}},"17":{"start":{"line":56,"column":24},"end":{"line":56,"column":64}},"18":{"start":{"line":57,"column":2},"end":{"line":59,"column":null}},"19":{"start":{"line":58,"column":4},"end":{"line":58,"column":120}},"20":{"start":{"line":60,"column":2},"end":{"line":60,"column":22}},"21":{"start":{"line":64,"column":2},"end":{"line":88,"column":null}},"22":{"start":{"line":65,"column":25},"end":{"line":65,"column":45}},"23":{"start":{"line":66,"column":4},"end":{"line":66,"column":31}},"24":{"start":{"line":67,"column":9},"end":{"line":88,"column":null}},"25":{"start":{"line":68,"column":25},"end":{"line":68,"column":45}},"26":{"start":{"line":69,"column":4},"end":{"line":71,"column":null}},"27":{"start":{"line":70,"column":6},"end":{"line":70,"column":51}},"28":{"start":{"line":72,"column":4},"end":{"line":72,"column":31}},"29":{"start":{"line":73,"column":9},"end":{"line":88,"column":null}},"30":{"start":{"line":74,"column":25},"end":{"line":74,"column":45}},"31":{"start":{"line":75,"column":4},"end":{"line":77,"column":null}},"32":{"start":{"line":76,"column":6},"end":{"line":76,"column":28}},"33":{"start":{"line":78,"column":4},"end":{"line":78,"column":31}},"34":{"start":{"line":79,"column":9},"end":{"line":88,"column":null}},"35":{"start":{"line":80,"column":35},"end":{"line":80,"column":46}},"36":{"start":{"line":81,"column":4},"end":{"line":83,"column":7}},"37":{"start":{"line":82,"column":6},"end":{"line":82,"column":63}},"38":{"start":{"line":84,"column":25},"end":{"line":84,"column":45}},"39":{"start":{"line":85,"column":4},"end":{"line":85,"column":56}},"40":{"start":{"line":87,"column":4},"end":{"line":87,"column":111}},"41":{"start":{"line":92,"column":14},"end":{"line":92,"column":46}},"42":{"start":{"line":93,"column":15},"end":{"line":93,"column":31}},"43":{"start":{"line":94,"column":2},"end":{"line":104,"column":null}},"44":{"start":{"line":94,"column":15},"end":{"line":94,"column":16}},"45":{"start":{"line":95,"column":16},"end":{"line":95,"column":23}},"46":{"start":{"line":96,"column":4},"end":{"line":103,"column":null}},"47":{"start":{"line":97,"column":27},"end":{"line":97,"column":57}},"48":{"start":{"line":98,"column":6},"end":{"line":98,"column":46}},"49":{"start":{"line":100,"column":6},"end":{"line":100,"column":22}},"50":{"start":{"line":101,"column":11},"end":{"line":103,"column":null}},"51":{"start":{"line":102,"column":6},"end":{"line":102,"column":37}},"52":{"start":{"line":106,"column":2},"end":{"line":106,"column":13}},"53":{"start":{"line":110,"column":2},"end":{"line":110,"column":32}},"54":{"start":{"line":114,"column":15},"end":{"line":114,"column":31}},"55":{"start":{"line":115,"column":2},"end":{"line":130,"column":null}},"56":{"start":{"line":115,"column":15},"end":{"line":115,"column":16}},"57":{"start":{"line":116,"column":16},"end":{"line":116,"column":23}},"58":{"start":{"line":117,"column":4},"end":{"line":129,"column":null}},"59":{"start":{"line":118,"column":21},"end":{"line":118,"column":29}},"60":{"start":{"line":119,"column":32},"end":{"line":119,"column":82}},"61":{"start":{"line":121,"column":6},"end":{"line":128,"column":null}},"62":{"start":{"line":122,"column":8},"end":{"line":122,"column":61}},"63":{"start":{"line":123,"column":8},"end":{"line":125,"column":null}},"64":{"start":{"line":124,"column":10},"end":{"line":124,"column":26}},"65":{"start":{"line":127,"column":8},"end":{"line":127,"column":36}},"66":{"start":{"line":132,"column":2},"end":{"line":132,"column":13}},"67":{"start":{"line":140,"column":32},"end":{"line":150,"column":1}},"68":{"start":{"line":141,"column":2},"end":{"line":141,"column":29}},"69":{"start":{"line":141,"column":15},"end":{"line":141,"column":29}},"70":{"start":{"line":142,"column":2},"end":{"line":147,"column":null}},"71":{"start":{"line":143,"column":4},"end":{"line":146,"column":7}},"72":{"start":{"line":144,"column":18},"end":{"line":144,"column":41}},"73":{"start":{"line":145,"column":6},"end":{"line":145,"column":38}},"74":{"start":{"line":148,"column":14},"end":{"line":148,"column":42}},"75":{"start":{"line":149,"column":2},"end":{"line":149,"column":34}},"76":{"start":{"line":140,"column":13},"end":{"line":140,"column":32}}},"fnMap":{"0":{"name":"(anonymous_0)","decl":{"start":{"line":47,"column":31},"end":{"line":47,"column":32}},"loc":{"start":{"line":47,"column":47},"end":{"line":47,"column":84}}},"1":{"name":"(anonymous_1)","decl":{"start":{"line":48,"column":29},"end":{"line":48,"column":30}},"loc":{"start":{"line":48,"column":45},"end":{"line":48,"column":82}}},"2":{"name":"(anonymous_2)","decl":{"start":{"line":49,"column":20},"end":{"line":49,"column":21}},"loc":{"start":{"line":49,"column":36},"end":{"line":49,"column":56}}},"3":{"name":"(anonymous_3)","decl":{"start":{"line":52,"column":27},"end":{"line":52,"column":28}},"loc":{"start":{"line":52,"column":52},"end":{"line":52,"column":78}}},"4":{"name":"(anonymous_4)","decl":{"start":{"line":53,"column":26},"end":{"line":53,"column":27}},"loc":{"start":{"line":53,"column":51},"end":{"line":53,"column":76}}},"5":{"name":"getOperatorFunc","decl":{"start":{"line":55,"column":9},"end":{"line":55,"column":24}},"loc":{"start":{"line":55,"column":36},"end":{"line":61,"column":1}}},"6":{"name":"getFindOperator","decl":{"start":{"line":63,"column":9},"end":{"line":63,"column":24}},"loc":{"start":{"line":63,"column":48},"end":{"line":89,"column":1}}},"7":{"name":"(anonymous_7)","decl":{"start":{"line":81,"column":34},"end":{"line":81,"column":35}},"loc":{"start":{"line":81,"column":51},"end":{"line":83,"column":5}}},"8":{"name":"compileToOperatorAst","decl":{"start":{"line":91,"column":9},"end":{"line":91,"column":29}},"loc":{"start":{"line":91,"column":63},"end":{"line":107,"column":1}}},"9":{"name":"joinOperatorValues","decl":{"start":{"line":109,"column":9},"end":{"line":109,"column":27}},"loc":{"start":{"line":109,"column":49},"end":{"line":111,"column":1}}},"10":{"name":"operatorAstToFilter","decl":{"start":{"line":113,"column":9},"end":{"line":113,"column":28}},"loc":{"start":{"line":113,"column":53},"end":{"line":133,"column":1}}},"11":{"name":"(anonymous_11)","decl":{"start":{"line":140,"column":32},"end":{"line":140,"column":41}},"loc":{"start":{"line":140,"column":59},"end":{"line":150,"column":1}}},"12":{"name":"(anonymous_12)","decl":{"start":{"line":143,"column":22},"end":{"line":143,"column":23}},"loc":{"start":{"line":143,"column":28},"end":{"line":146,"column":5}}}},"branchMap":{"0":{"loc":{"start":{"line":48,"column":45},"end":{"line":48,"column":82}},"type":"binary-expr","locations":[{"start":{"line":48,"column":45},"end":{"line":48,"column":64}},{"start":{"line":48,"column":68},"end":{"line":48,"column":82}}]},"1":{"loc":{"start":{"line":57,"column":2},"end":{"line":59,"column":null}},"type":"if","locations":[{"start":{"line":57,"column":2},"end":{"line":59,"column":null}}]},"2":{"loc":{"start":{"line":64,"column":2},"end":{"line":88,"column":null}},"type":"if","locations":[{"start":{"line":64,"column":2},"end":{"line":88,"column":null}},{"start":{"line":67,"column":9},"end":{"line":88,"column":null}}]},"3":{"loc":{"start":{"line":67,"column":9},"end":{"line":88,"column":null}},"type":"if","locations":[{"start":{"line":67,"column":9},"end":{"line":88,"column":null}},{"start":{"line":73,"column":9},"end":{"line":88,"column":null}}]},"4":{"loc":{"start":{"line":69,"column":4},"end":{"line":71,"column":null}},"type":"if","locations":[{"start":{"line":69,"column":4},"end":{"line":71,"column":null}}]},"5":{"loc":{"start":{"line":73,"column":9},"end":{"line":88,"column":null}},"type":"if","locations":[{"start":{"line":73,"column":9},"end":{"line":88,"column":null}},{"start":{"line":79,"column":9},"end":{"line":88,"column":null}}]},"6":{"loc":{"start":{"line":75,"column":4},"end":{"line":77,"column":null}},"type":"if","locations":[{"start":{"line":75,"column":4},"end":{"line":77,"column":null}}]},"7":{"loc":{"start":{"line":79,"column":9},"end":{"line":88,"column":null}},"type":"if","locations":[{"start":{"line":79,"column":9},"end":{"line":88,"column":null}},{"start":{"line":86,"column":9},"end":{"line":88,"column":null}}]},"8":{"loc":{"start":{"line":87,"column":65},"end":{"line":87,"column":107}},"type":"cond-expr","locations":[{"start":{"line":87,"column":83},"end":{"line":87,"column":99}},{"start":{"line":87,"column":102},"end":{"line":87,"column":107}}]},"9":{"loc":{"start":{"line":87,"column":65},"end":{"line":87,"column":80}},"type":"cond-expr","locations":[{"start":{"line":87,"column":70},"end":{"line":87,"column":72}},{"start":{"line":87,"column":65},"end":{"line":87,"column":80}}]},"10":{"loc":{"start":{"line":87,"column":65},"end":{"line":87,"column":72}},"type":"binary-expr","locations":[{"start":{"line":87,"column":65},"end":{"line":87,"column":72}},{"start":{"line":87,"column":65},"end":{"line":87,"column":72}}]},"11":{"loc":{"start":{"line":96,"column":4},"end":{"line":103,"column":null}},"type":"if","locations":[{"start":{"line":96,"column":4},"end":{"line":103,"column":null}},{"start":{"line":101,"column":11},"end":{"line":103,"column":null}}]},"12":{"loc":{"start":{"line":101,"column":11},"end":{"line":103,"column":null}},"type":"if","locations":[{"start":{"line":101,"column":11},"end":{"line":103,"column":null}}]},"13":{"loc":{"start":{"line":117,"column":4},"end":{"line":129,"column":null}},"type":"if","locations":[{"start":{"line":117,"column":4},"end":{"line":129,"column":null}}]},"14":{"loc":{"start":{"line":121,"column":6},"end":{"line":128,"column":null}},"type":"if","locations":[{"start":{"line":121,"column":6},"end":{"line":128,"column":null}},{"start":{"line":126,"column":13},"end":{"line":128,"column":null}}]},"15":{"loc":{"start":{"line":123,"column":8},"end":{"line":125,"column":null}},"type":"if","locations":[{"start":{"line":123,"column":8},"end":{"line":125,"column":null}}]},"16":{"loc":{"start":{"line":141,"column":2},"end":{"line":141,"column":29}},"type":"if","locations":[{"start":{"line":141,"column":2},"end":{"line":141,"column":29}}]},"17":{"loc":{"start":{"line":142,"column":2},"end":{"line":147,"column":null}},"type":"if","locations":[{"start":{"line":142,"column":2},"end":{"line":147,"column":null}}]}},"s":{"0":1,"1":1,"2":1,"3":1,"4":1,"5":1,"6":28,"7":1,"8":1,"9":2,"10":1,"11":13,"12":1,"13":1,"14":11,"15":1,"16":1,"17":28,"18":28,"19":0,"20":28,"21":28,"22":15,"23":15,"24":13,"25":11,"26":11,"27":1,"28":10,"29":2,"30":1,"31":1,"32":1,"33":0,"34":1,"35":1,"36":1,"37":1,"38":1,"39":1,"40":0,"41":56,"42":56,"43":56,"44":56,"45":56,"46":56,"47":27,"48":27,"49":27,"50":29,"51":29,"52":56,"53":27,"54":29,"55":29,"56":29,"57":29,"58":29,"59":29,"60":29,"61":29,"62":27,"63":27,"64":0,"65":2,"66":29,"67":1,"68":27,"69":1,"70":26,"71":1,"72":2,"73":2,"74":25,"75":25,"76":1},"f":{"0":28,"1":2,"2":13,"3":11,"4":1,"5":28,"6":28,"7":1,"8":56,"9":27,"10":29,"11":27,"12":2},"b":{"0":[2,2],"1":[0],"2":[15,13],"3":[11,2],"4":[1],"5":[1,1],"6":[1],"7":[1,0],"8":[0,0],"9":[0,0],"10":[0,0],"11":[27,29],"12":[29],"13":[29],"14":[27,2],"15":[0],"16":[1],"17":[1]}}
,"/Users/alfreddohnani/Documents/Dev/OCTOBER/typeorm-where/src/tests/utils/entities/category.entity.ts": {"path":"/Users/alfreddohnani/Documents/Dev/OCTOBER/typeorm-where/src/tests/utils/entities/category.entity.ts","statementMap":{"0":{"start":{"line":1,"column":0},"end":{"line":1,"column":null}},"1":{"start":{"line":10,"column":0},"end":{"line":10,"column":43}},"2":{"start":{"line":13,"column":7},"end":{"line":28,"column":null}},"3":{"start":{"line":14,"column":2},"end":{"line":15,"column":null}},"4":{"start":{"line":17,"column":2},"end":{"line":18,"column":null}},"5":{"start":{"line":20,"column":2},"end":{"line":21,"column":null}},"6":{"start":{"line":20,"column":19},"end":{"line":20,"column":26}},"7":{"start":{"line":20,"column":41},"end":{"line":20,"column":57}},"8":{"start":{"line":23,"column":2},"end":{"line":24,"column":null}},"9":{"start":{"line":26,"column":2},"end":{"line":27,"column":null}},"10":{"start":{"line":13,"column":13},"end":{"line":28,"column":null}},"11":{"start":{"line":13,"column":13},"end":{"line":13,"column":21}}},"fnMap":{"0":{"name":"(anonymous_2)","decl":{"start":{"line":20,"column":13},"end":{"line":20,"column":16}},"loc":{"start":{"line":20,"column":19},"end":{"line":20,"column":26}}},"1":{"name":"(anonymous_3)","decl":{"start":{"line":20,"column":28},"end":{"line":20,"column":29}},"loc":{"start":{"line":20,"column":41},"end":{"line":20,"column":57}}}},"branchMap":{},"s":{"0":1,"1":1,"2":1,"3":1,"4":1,"5":1,"6":1,"7":1,"8":1,"9":1,"10":1,"11":1},"f":{"0":1,"1":1},"b":{}}
,"/Users/alfreddohnani/Documents/Dev/OCTOBER/typeorm-where/src/tests/utils/entities/order-item.entity.ts": {"path":"/Users/alfreddohnani/Documents/Dev/OCTOBER/typeorm-where/src/tests/utils/entities/order-item.entity.ts","statementMap":{"0":{"start":{"line":1,"column":0},"end":{"line":1,"column":null}},"1":{"start":{"line":11,"column":0},"end":{"line":11,"column":39}},"2":{"start":{"line":12,"column":0},"end":{"line":12,"column":43}},"3":{"start":{"line":15,"column":7},"end":{"line":33,"column":null}},"4":{"start":{"line":16,"column":2},"end":{"line":17,"column":null}},"5":{"start":{"line":19,"column":2},"end":{"line":20,"column":null}},"6":{"start":{"line":19,"column":19},"end":{"line":19,"column":24}},"7":{"start":{"line":19,"column":37},"end":{"line":19,"column":53}},"8":{"start":{"line":22,"column":2},"end":{"line":23,"column":null}},"9":{"start":{"line":22,"column":18},"end":{"line":22,"column":25}},"10":{"start":{"line":25,"column":2},"end":{"line":26,"column":null}},"11":{"start":{"line":28,"column":2},"end":{"line":29,"column":null}},"12":{"start":{"line":31,"column":2},"end":{"line":32,"column":null}},"13":{"start":{"line":15,"column":13},"end":{"line":33,"column":null}},"14":{"start":{"line":15,"column":13},"end":{"line":15,"column":22}}},"fnMap":{"0":{"name":"(anonymous_2)","decl":{"start":{"line":19,"column":13},"end":{"line":19,"column":16}},"loc":{"start":{"line":19,"column":19},"end":{"line":19,"column":24}}},"1":{"name":"(anonymous_3)","decl":{"start":{"line":19,"column":26},"end":{"line":19,"column":27}},"loc":{"start":{"line":19,"column":37},"end":{"line":19,"column":53}}},"2":{"name":"(anonymous_4)","decl":{"start":{"line":22,"column":12},"end":{"line":22,"column":15}},"loc":{"start":{"line":22,"column":18},"end":{"line":22,"column":25}}}},"branchMap":{},"s":{"0":1,"1":1,"2":1,"3":1,"4":1,"5":1,"6":1,"7":1,"8":1,"9":1,"10":1,"11":1,"12":1,"13":1,"14":1},"f":{"0":1,"1":1,"2":1},"b":{}}
,"/Users/alfreddohnani/Documents/Dev/OCTOBER/typeorm-where/src/tests/utils/entities/order.entity.ts": {"path":"/Users/alfreddohnani/Documents/Dev/OCTOBER/typeorm-where/src/tests/utils/entities/order.entity.ts","statementMap":{"0":{"start":{"line":1,"column":0},"end":{"line":1,"column":null}},"1":{"start":{"line":11,"column":0},"end":{"line":11,"column":37}},"2":{"start":{"line":12,"column":0},"end":{"line":12,"column":48}},"3":{"start":{"line":14,"column":0},"end":{"line":14,"column":null}},"4":{"start":{"line":15,"column":2},"end":{"line":15,"column":null}},"5":{"start":{"line":16,"column":2},"end":{"line":16,"column":null}},"6":{"start":{"line":20,"column":7},"end":{"line":38,"column":null}},"7":{"start":{"line":21,"column":2},"end":{"line":22,"column":null}},"8":{"start":{"line":24,"column":2},"end":{"line":25,"column":null}},"9":{"start":{"line":24,"column":19},"end":{"line":24,"column":23}},"10":{"start":{"line":24,"column":35},"end":{"line":24,"column":46}},"11":{"start":{"line":27,"column":2},"end":{"line":28,"column":null}},"12":{"start":{"line":27,"column":19},"end":{"line":27,"column":28}},"13":{"start":{"line":27,"column":45},"end":{"line":27,"column":60}},"14":{"start":{"line":30,"column":2},"end":{"line":31,"column":null}},"15":{"start":{"line":33,"column":2},"end":{"line":34,"column":null}},"16":{"start":{"line":36,"column":2},"end":{"line":37,"column":null}},"17":{"start":{"line":20,"column":13},"end":{"line":38,"column":null}},"18":{"start":{"line":20,"column":13},"end":{"line":20,"column":18}}},"fnMap":{"0":{"name":"(anonymous_2)","decl":{"start":{"line":14,"column":0},"end":{"line":14,"column":12}},"loc":{"start":{"line":14,"column":23},"end":{"line":17,"column":1}}},"1":{"name":"(anonymous_3)","decl":{"start":{"line":24,"column":13},"end":{"line":24,"column":16}},"loc":{"start":{"line":24,"column":19},"end":{"line":24,"column":23}}},"2":{"name":"(anonymous_4)","decl":{"start":{"line":24,"column":25},"end":{"line":24,"column":26}},"loc":{"start":{"line":24,"column":35},"end":{"line":24,"column":46}}},"3":{"name":"(anonymous_5)","decl":{"start":{"line":27,"column":13},"end":{"line":27,"column":16}},"loc":{"start":{"line":27,"column":19},"end":{"line":27,"column":28}}},"4":{"name":"(anonymous_6)","decl":{"start":{"line":27,"column":30},"end":{"line":27,"column":31}},"loc":{"start":{"line":27,"column":45},"end":{"line":27,"column":60}}}},"branchMap":{"0":{"loc":{"start":{"line":14,"column":12},"end":{"line":14,"column":null}},"type":"binary-expr","locations":[{"start":{"line":14,"column":12},"end":{"line":14,"column":23}},{"start":{"line":14,"column":12},"end":{"line":14,"column":null}}]}},"s":{"0":1,"1":1,"2":1,"3":1,"4":1,"5":1,"6":1,"7":1,"8":1,"9":1,"10":1,"11":1,"12":1,"13":1,"14":1,"15":1,"16":1,"17":1,"18":1},"f":{"0":1,"1":1,"2":1,"3":1,"4":1},"b":{"0":[1,1]}}
,"/Users/alfreddohnani/Documents/Dev/OCTOBER/typeorm-where/src/tests/utils/entities/payment.entity.ts": {"path":"/Users/alfreddohnani/Documents/Dev/OCTOBER/typeorm-where/src/tests/utils/entities/payment.entity.ts","statementMap":{"0":{"start":{"line":1,"column":0},"end":{"line":1,"column":null}},"1":{"start":{"line":11,"column":0},"end":{"line":11,"column":39}},"2":{"start":{"line":12,"column":0},"end":{"line":12,"column":37}},"3":{"start":{"line":14,"column":0},"end":{"line":14,"column":null}},"4":{"start":{"line":15,"column":2},"end":{"line":15,"column":null}},"5":{"start":{"line":16,"column":2},"end":{"line":16,"column":null}},"6":{"start":{"line":17,"column":2},"end":{"line":17,"column":null}},"7":{"start":{"line":18,"column":2},"end":{"line":18,"column":null}},"8":{"start":{"line":19,"column":2},"end":{"line":19,"column":null}},"9":{"start":{"line":22,"column":0},"end":{"line":22,"column":null}},"10":{"start":{"line":23,"column":2},"end":{"line":23,"column":null}},"11":{"start":{"line":24,"column":2},"end":{"line":24,"column":null}},"12":{"start":{"line":25,"column":2},"end":{"line":25,"column":null}},"13":{"start":{"line":29,"column":7},"end":{"line":50,"column":null}},"14":{"start":{"line":30,"column":2},"end":{"line":31,"column":null}},"15":{"start":{"line":33,"column":2},"end":{"line":34,"column":null}},"16":{"start":{"line":33,"column":18},"end":{"line":33,"column":23}},"17":{"start":{"line":36,"column":2},"end":{"line":37,"column":null}},"18":{"start":{"line":39,"column":2},"end":{"line":40,"column":null}},"19":{"start":{"line":42,"column":2},"end":{"line":43,"column":null}},"20":{"start":{"line":42,"column":19},"end":{"line":42,"column":23}},"21":{"start":{"line":42,"column":35},"end":{"line":42,"column":48}},"22":{"start":{"line":45,"column":2},"end":{"line":46,"column":null}},"23":{"start":{"line":48,"column":2},"end":{"line":49,"column":null}},"24":{"start":{"line":29,"column":13},"end":{"line":50,"column":null}},"25":{"start":{"line":29,"column":13},"end":{"line":29,"column":20}}},"fnMap":{"0":{"name":"(anonymous_2)","decl":{"start":{"line":14,"column":0},"end":{"line":14,"column":12}},"loc":{"start":{"line":14,"column":25},"end":{"line":20,"column":1}}},"1":{"name":"(anonymous_3)","decl":{"start":{"line":22,"column":0},"end":{"line":22,"column":12}},"loc":{"start":{"line":22,"column":25},"end":{"line":26,"column":1}}},"2":{"name":"(anonymous_4)","decl":{"start":{"line":33,"column":12},"end":{"line":33,"column":15}},"loc":{"start":{"line":33,"column":18},"end":{"line":33,"column":23}}},"3":{"name":"(anonymous_5)","decl":{"start":{"line":42,"column":13},"end":{"line":42,"column":16}},"loc":{"start":{"line":42,"column":19},"end":{"line":42,"column":23}}},"4":{"name":"(anonymous_6)","decl":{"start":{"line":42,"column":25},"end":{"line":42,"column":26}},"loc":{"start":{"line":42,"column":35},"end":{"line":42,"column":48}}}},"branchMap":{"0":{"loc":{"start":{"line":14,"column":12},"end":{"line":14,"column":null}},"type":"binary-expr","locations":[{"start":{"line":14,"column":12},"end":{"line":14,"column":25}},{"start":{"line":14,"column":12},"end":{"line":14,"column":null}}]},"1":{"loc":{"start":{"line":22,"column":12},"end":{"line":22,"column":null}},"type":"binary-expr","locations":[{"start":{"line":22,"column":12},"end":{"line":22,"column":25}},{"start":{"line":22,"column":12},"end":{"line":22,"column":null}}]}},"s":{"0":1,"1":1,"2":1,"3":1,"4":1,"5":1,"6":1,"7":1,"8":1,"9":1,"10":1,"11":1,"12":1,"13":1,"14":1,"15":1,"16":1,"17":1,"18":1,"19":1,"20":1,"21":1,"22":1,"23":1,"24":1,"25":1},"f":{"0":1,"1":1,"2":1,"3":1,"4":1},"b":{"0":[1,1],"1":[1,1]}}
,"/Users/alfreddohnani/Documents/Dev/OCTOBER/typeorm-where/src/tests/utils/entities/product.entity.ts": {"path":"/Users/alfreddohnani/Documents/Dev/OCTOBER/typeorm-where/src/tests/utils/entities/product.entity.ts","statementMap":{"0":{"start":{"line":1,"column":0},"end":{"line":1,"column":null}},"1":{"start":{"line":10,"column":0},"end":{"line":10,"column":45}},"2":{"start":{"line":13,"column":7},"end":{"line":42,"column":null}},"3":{"start":{"line":14,"column":2},"end":{"line":15,"column":null}},"4":{"start":{"line":17,"column":2},"end":{"line":18,"column":null}},"5":{"start":{"line":20,"column":2},"end":{"line":21,"column":null}},"6":{"start":{"line":23,"column":2},"end":{"line":24,"column":null}},"7":{"start":{"line":26,"column":2},"end":{"line":32,"column":null}},"8":{"start":{"line":26,"column":19},"end":{"line":26,"column":27}},"9":{"start":{"line":26,"column":43},"end":{"line":26,"column":60}},"10":{"start":{"line":34,"column":2},"end":{"line":35,"column":null}},"11":{"start":{"line":37,"column":2},"end":{"line":38,"column":null}},"12":{"start":{"line":40,"column":2},"end":{"line":41,"column":null}},"13":{"start":{"line":13,"column":13},"end":{"line":42,"column":null}},"14":{"start":{"line":13,"column":13},"end":{"line":13,"column":20}}},"fnMap":{"0":{"name":"(anonymous_2)","decl":{"start":{"line":26,"column":13},"end":{"line":26,"column":16}},"loc":{"start":{"line":26,"column":19},"end":{"line":26,"column":27}}},"1":{"name":"(anonymous_3)","decl":{"start":{"line":26,"column":29},"end":{"line":26,"column":30}},"loc":{"start":{"line":26,"column":43},"end":{"line":26,"column":60}}}},"branchMap":{},"s":{"0":1,"1":1,"2":1,"3":1,"4":1,"5":1,"6":1,"7":1,"8":1,"9":1,"10":1,"11":1,"12":1,"13":1,"14":1},"f":{"0":1,"1":1},"b":{}}
,"/Users/alfreddohnani/Documents/Dev/OCTOBER/typeorm-where/src/tests/utils/entities/user.entity.ts": {"path":"/Users/alfreddohnani/Documents/Dev/OCTOBER/typeorm-where/src/tests/utils/entities/user.entity.ts","statementMap":{"0":{"start":{"line":1,"column":0},"end":{"line":1,"column":null}},"1":{"start":{"line":10,"column":0},"end":{"line":10,"column":39}},"2":{"start":{"line":11,"column":0},"end":{"line":11,"column":43}},"3":{"start":{"line":13,"column":0},"end":{"line":13,"column":null}},"4":{"start":{"line":14,"column":2},"end":{"line":14,"column":null}},"5":{"start":{"line":15,"column":2},"end":{"line":15,"column":null}},"6":{"start":{"line":19,"column":7},"end":{"line":49,"column":null}},"7":{"start":{"line":20,"column":2},"end":{"line":21,"column":null}},"8":{"start":{"line":23,"column":2},"end":{"line":24,"column":null}},"9":{"start":{"line":26,"column":2},"end":{"line":27,"column":null}},"10":{"start":{"line":29,"column":2},"end":{"line":30,"column":null}},"11":{"start":{"line":32,"column":2},"end":{"line":33,"column":null}},"12":{"start":{"line":35,"column":2},"end":{"line":36,"column":null}},"13":{"start":{"line":38,"column":2},"end":{"line":39,"column":null}},"14":{"start":{"line":38,"column":19},"end":{"line":38,"column":24}},"15":{"start":{"line":38,"column":37},"end":{"line":38,"column":47}},"16":{"start":{"line":41,"column":2},"end":{"line":42,"column":null}},"17":{"start":{"line":41,"column":19},"end":{"line":41,"column":26}},"18":{"start":{"line":41,"column":41},"end":{"line":41,"column":53}},"19":{"start":{"line":44,"column":2},"end":{"line":45,"column":null}},"20":{"start":{"line":47,"column":2},"end":{"line":48,"column":null}},"21":{"start":{"line":19,"column":13},"end":{"line":49,"column":null}},"22":{"start":{"line":19,"column":13},"end":{"line":19,"column":17}}},"fnMap":{"0":{"name":"(anonymous_2)","decl":{"start":{"line":13,"column":0},"end":{"line":13,"column":12}},"loc":{"start":{"line":13,"column":21},"end":{"line":16,"column":1}}},"1":{"name":"(anonymous_3)","decl":{"start":{"line":38,"column":13},"end":{"line":38,"column":16}},"loc":{"start":{"line":38,"column":19},"end":{"line":38,"column":24}}},"2":{"name":"(anonymous_4)","decl":{"start":{"line":38,"column":26},"end":{"line":38,"column":27}},"loc":{"start":{"line":38,"column":37},"end":{"line":38,"column":47}}},"3":{"name":"(anonymous_5)","decl":{"start":{"line":41,"column":13},"end":{"line":41,"column":16}},"loc":{"start":{"line":41,"column":19},"end":{"line":41,"column":26}}},"4":{"name":"(anonymous_6)","decl":{"start":{"line":41,"column":28},"end":{"line":41,"column":29}},"loc":{"start":{"line":41,"column":41},"end":{"line":41,"column":53}}}},"branchMap":{"0":{"loc":{"start":{"line":13,"column":12},"end":{"line":13,"column":null}},"type":"binary-expr","locations":[{"start":{"line":13,"column":12},"end":{"line":13,"column":21}},{"start":{"line":13,"column":12},"end":{"line":13,"column":null}}]}},"s":{"0":1,"1":1,"2":1,"3":1,"4":1,"5":1,"6":1,"7":1,"8":1,"9":1,"10":1,"11":1,"12":1,"13":1,"14":1,"15":1,"16":1,"17":1,"18":1,"19":1,"20":1,"21":1,"22":1},"f":{"0":1,"1":1,"2":1,"3":1,"4":1},"b":{"0":[1,1]}}
}
