TN:
SF:src/index.ts
FNF:0
FNH:0
DA:1,0
DA:2,0
LF:2
LH:0
BRF:0
BRH:0
end_of_record
TN:
SF:src/filter-utils/where-builder.ts
FN:47,(anonymous_0)
FN:48,(anonymous_1)
FN:49,(anonymous_2)
FN:52,(anonymous_3)
FN:53,(anonymous_4)
FN:55,getOperatorFunc
FN:63,getFindOperator
FN:81,(anonymous_7)
FN:91,compileToOperatorAst
FN:109,joinOperatorValues
FN:113,operatorAstToFilter
FN:140,(anonymous_11)
FN:143,(anonymous_12)
FNF:13
FNH:13
FNDA:28,(anonymous_0)
FNDA:2,(anonymous_1)
FNDA:13,(anonymous_2)
FNDA:11,(anonymous_3)
FNDA:1,(anonymous_4)
FNDA:28,getOperatorFunc
FNDA:28,getFindOperator
FNDA:1,(anonymous_7)
FNDA:56,compileToOperatorAst
FNDA:27,joinOperatorValues
FNDA:29,operatorAstToFilter
FNDA:27,(anonymous_11)
FNDA:2,(anonymous_12)
DA:1,1
DA:22,1
DA:24,1
DA:43,1
DA:45,1
DA:47,28
DA:48,2
DA:49,13
DA:50,1
DA:52,11
DA:53,1
DA:56,28
DA:57,28
DA:58,0
DA:60,28
DA:64,28
DA:65,15
DA:66,15
DA:67,13
DA:68,11
DA:69,11
DA:70,1
DA:72,10
DA:73,2
DA:74,1
DA:75,1
DA:76,1
DA:78,0
DA:79,1
DA:80,1
DA:81,1
DA:82,1
DA:84,1
DA:85,1
DA:87,0
DA:92,56
DA:93,56
DA:94,56
DA:95,56
DA:96,56
DA:97,27
DA:98,27
DA:100,27
DA:101,29
DA:102,29
DA:106,56
DA:110,27
DA:114,29
DA:115,29
DA:116,29
DA:117,29
DA:118,29
DA:119,29
DA:121,29
DA:122,27
DA:123,27
DA:124,0
DA:127,2
DA:132,29
DA:140,1
DA:141,27
DA:142,26
DA:143,1
DA:144,2
DA:145,2
DA:148,25
DA:149,25
LF:67
LH:63
BRDA:48,0,0,2
BRDA:48,0,1,2
BRDA:57,1,0,0
BRDA:64,2,0,15
BRDA:64,2,1,13
BRDA:67,3,0,11
BRDA:67,3,1,2
BRDA:69,4,0,1
BRDA:73,5,0,1
BRDA:73,5,1,1
BRDA:75,6,0,1
BRDA:79,7,0,1
BRDA:79,7,1,0
BRDA:87,8,0,0
BRDA:87,8,1,0
BRDA:87,9,0,0
BRDA:87,9,1,0
BRDA:87,10,0,0
BRDA:87,10,1,0
BRDA:96,11,0,27
BRDA:96,11,1,29
BRDA:101,12,0,29
BRDA:117,13,0,29
BRDA:121,14,0,27
BRDA:121,14,1,2
BRDA:123,15,0,0
BRDA:141,16,0,1
BRDA:142,17,0,1
BRF:28
BRH:19
end_of_record
TN:
SF:src/tests/utils/entities/category.entity.ts
FN:20,(anonymous_2)
FN:20,(anonymous_3)
FNF:2
FNH:2
FNDA:1,(anonymous_2)
FNDA:1,(anonymous_3)
DA:1,1
DA:10,1
DA:13,1
DA:14,1
DA:17,1
DA:20,1
DA:23,1
DA:26,1
LF:8
LH:8
BRF:0
BRH:0
end_of_record
TN:
SF:src/tests/utils/entities/order-item.entity.ts
FN:19,(anonymous_2)
FN:19,(anonymous_3)
FN:22,(anonymous_4)
FNF:3
FNH:3
FNDA:1,(anonymous_2)
FNDA:1,(anonymous_3)
FNDA:1,(anonymous_4)
DA:1,1
DA:11,1
DA:12,1
DA:15,1
DA:16,1
DA:19,1
DA:22,1
DA:25,1
DA:28,1
DA:31,1
LF:10
LH:10
BRF:0
BRH:0
end_of_record
TN:
SF:src/tests/utils/entities/order.entity.ts
FN:14,(anonymous_2)
FN:24,(anonymous_3)
FN:24,(anonymous_4)
FN:27,(anonymous_5)
FN:27,(anonymous_6)
FNF:5
FNH:5
FNDA:1,(anonymous_2)
FNDA:1,(anonymous_3)
FNDA:1,(anonymous_4)
FNDA:1,(anonymous_5)
FNDA:1,(anonymous_6)
DA:1,1
DA:11,1
DA:12,1
DA:14,1
DA:15,1
DA:16,1
DA:20,1
DA:21,1
DA:24,1
DA:27,1
DA:30,1
DA:33,1
DA:36,1
LF:13
LH:13
BRDA:14,0,0,1
BRDA:14,0,1,1
BRF:2
BRH:2
end_of_record
TN:
SF:src/tests/utils/entities/payment.entity.ts
FN:14,(anonymous_2)
FN:22,(anonymous_3)
FN:33,(anonymous_4)
FN:42,(anonymous_5)
FN:42,(anonymous_6)
FNF:5
FNH:5
FNDA:1,(anonymous_2)
FNDA:1,(anonymous_3)
FNDA:1,(anonymous_4)
FNDA:1,(anonymous_5)
FNDA:1,(anonymous_6)
DA:1,1
DA:11,1
DA:12,1
DA:14,1
DA:15,1
DA:16,1
DA:17,1
DA:18,1
DA:19,1
DA:22,1
DA:23,1
DA:24,1
DA:25,1
DA:29,1
DA:30,1
DA:33,1
DA:36,1
DA:39,1
DA:42,1
DA:45,1
DA:48,1
LF:21
LH:21
BRDA:14,0,0,1
BRDA:14,0,1,1
BRDA:22,1,0,1
BRDA:22,1,1,1
BRF:4
BRH:4
end_of_record
TN:
SF:src/tests/utils/entities/product.entity.ts
FN:26,(anonymous_2)
FN:26,(anonymous_3)
FNF:2
FNH:2
FNDA:1,(anonymous_2)
FNDA:1,(anonymous_3)
DA:1,1
DA:10,1
DA:13,1
DA:14,1
DA:17,1
DA:20,1
DA:23,1
DA:26,1
DA:34,1
DA:37,1
DA:40,1
LF:11
LH:11
BRF:0
BRH:0
end_of_record
TN:
SF:src/tests/utils/entities/user.entity.ts
FN:13,(anonymous_2)
FN:38,(anonymous_3)
FN:38,(anonymous_4)
FN:41,(anonymous_5)
FN:41,(anonymous_6)
FNF:5
FNH:5
FNDA:1,(anonymous_2)
FNDA:1,(anonymous_3)
FNDA:1,(anonymous_4)
FNDA:1,(anonymous_5)
FNDA:1,(anonymous_6)
DA:1,1
DA:10,1
DA:11,1
DA:13,1
DA:14,1
DA:15,1
DA:19,1
DA:20,1
DA:23,1
DA:26,1
DA:29,1
DA:32,1
DA:35,1
DA:38,1
DA:41,1
DA:44,1
DA:47,1
LF:17
LH:17
BRDA:13,0,0,1
BRDA:13,0,1,1
BRF:2
BRH:2
end_of_record
